34.0 APEX_CODE,FINEST;APEX_PROFILING,INFO;CALLOUT,INFO;DB,INFO;SYSTEM,DEBUG;VALIDATION,INFO;VISUALFORCE,INFO;WORKFLOW,INFO
Execute Anonymous: // Map<String, Schema.SObjectType> gd = Schema.getGlobalDescribe();
Execute Anonymous: //
Execute Anonymous: // System.debug(gd.keySet());
Execute Anonymous: //
Execute Anonymous: // for (String key : gd.keySet()) {
Execute Anonymous: //
Execute Anonymous: //     SObjectType objType = gd.get(key);
Execute Anonymous: //     String objectName = objType.getDescribe().getLabel();
Execute Anonymous: //     //System.debug('NAME: '+objectName);
Execute Anonymous: //
Execute Anonymous: //     for (Schema.SObjectField field : objType.getDescribe().fields.getMap().values()){
Execute Anonymous: //         Schema.DisplayType fieldType = field.getDescribe().getType();
Execute Anonymous: //         if (fieldType == Schema.DisplayType.Currency) {
Execute Anonymous: //             System.debug('Object Name= '+objectName+' API Field Name =  '+field.getDescribe().getName()+' ---API Field Type= '+fieldType.name());
Execute Anonymous: //         }
Execute Anonymous: //     }
Execute Anonymous: //
Execute Anonymous: // }
Execute Anonymous: 
Execute Anonymous: // String sobjectname = 'Case' ;//object api name
Execute Anonymous: // String fieldapiName = 'Status';//Field api name
Execute Anonymous: // String fieldTypeName = Schema.getGlobalDescribe().get(sobjectname).getDescribe().fields.getMap().get(fieldapiName).getDescribe().getType().name().toupperCase();
Execute Anonymous: // System.debug('***fieldTypeName**'+fieldTypeName);
Execute Anonymous: 
Execute Anonymous: CurrencyBot cBot = new CurrencyBot();
20:47:45.086 (86944987)|EXECUTION_STARTED
20:47:45.086 (86960801)|CODE_UNIT_STARTED|[EXTERNAL]|execute_anonymous_apex
20:47:45.088 (88290538)|VARIABLE_SCOPE_BEGIN|[25]|cBot|CurrencyBot|true|false
20:47:45.088 (88531374)|HEAP_ALLOCATE|[72]|Bytes:3
20:47:45.088 (88615217)|HEAP_ALLOCATE|[77]|Bytes:152
20:47:45.088 (88640600)|HEAP_ALLOCATE|[342]|Bytes:408
20:47:45.088 (88664818)|HEAP_ALLOCATE|[355]|Bytes:408
20:47:45.088 (88686367)|HEAP_ALLOCATE|[467]|Bytes:48
20:47:45.088 (88725890)|HEAP_ALLOCATE|[139]|Bytes:6
20:47:45.088 (88757123)|HEAP_ALLOCATE|[EXTERNAL]|Bytes:2
20:47:45.088 (88811804)|STATEMENT_EXECUTE|[1]
20:47:45.088 (88816302)|STATEMENT_EXECUTE|[25]
20:47:45.088 (88823159)|HEAP_ALLOCATE|[25]|Bytes:1
20:47:45.088 (88881714)|METHOD_ENTRY|[1]|01p61000006ZOEc|CurrencyBot.CurrencyBot()
20:47:45.088 (88887267)|STATEMENT_EXECUTE|[1]
20:47:45.088 (88891166)|STATEMENT_EXECUTE|[1]
20:47:45.088 (88935312)|HEAP_ALLOCATE|[50]|Bytes:5
20:47:45.088 (88963506)|HEAP_ALLOCATE|[56]|Bytes:5
20:47:45.088 (88974557)|HEAP_ALLOCATE|[64]|Bytes:7
20:47:45.088 (88999779)|SYSTEM_MODE_ENTER|false
20:47:45.089 (89021357)|HEAP_ALLOCATE|[25]|Bytes:5
20:47:45.089 (89030517)|SYSTEM_MODE_EXIT|false
20:47:45.089 (89057115)|METHOD_EXIT|[1]|CurrencyBot
20:47:45.089 (89078410)|HEAP_ALLOCATE|[25]|Bytes:4
20:47:45.089 (89107851)|SYSTEM_MODE_ENTER|false
20:47:45.089 (89127480)|HEAP_ALLOCATE|[25]|Bytes:5
20:47:45.089 (89162998)|CONSTRUCTOR_ENTRY|[25]|01p61000006ZOEc|<init>()
20:47:45.089 (89214761)|VARIABLE_SCOPE_BEGIN|[2]|this|CurrencyBot|true|false
20:47:45.089 (89260449)|VARIABLE_ASSIGNMENT|[2]|this|{}|0x4cd6646e
20:47:45.089 (89282534)|HEAP_ALLOCATE|[EXTERNAL]|Bytes:5
20:47:45.089 (89291105)|STATEMENT_EXECUTE|[1]
20:47:45.089 (89300694)|HEAP_ALLOCATE|[EXTERNAL]|Bytes:5
20:47:45.089 (89319751)|HEAP_ALLOCATE|[EXTERNAL]|Bytes:6
20:47:45.089 (89340275)|VARIABLE_SCOPE_BEGIN|[2]|this|System.ApexBaseClass|true|false
20:47:45.089 (89364664)|VARIABLE_ASSIGNMENT|[2]|this|{}|0x4cd6646e
20:47:45.089 (89377881)|STATEMENT_EXECUTE|[2]
20:47:45.089 (89418197)|CONSTRUCTOR_EXIT|[25]|01p61000006ZOEc|<init>()
20:47:45.089 (89436921)|SYSTEM_MODE_EXIT|false
20:47:45.089 (89479827)|VARIABLE_ASSIGNMENT|[25]|cBot|{}|0x4cd6646e
20:47:45.089 (89541399)|CUMULATIVE_LIMIT_USAGE
20:47:45.089 (89541399)|LIMIT_USAGE_FOR_NS|(default)|
  Number of SOQL queries: 0 out of 100
  Number of query rows: 0 out of 50000
  Number of SOSL queries: 0 out of 20
  Number of DML statements: 0 out of 150
  Number of DML rows: 0 out of 10000
  Maximum CPU time: 0 out of 10000
  Maximum heap size: 0 out of 6000000
  Number of callouts: 0 out of 100
  Number of Email Invocations: 0 out of 10
  Number of future calls: 0 out of 50
  Number of queueable jobs added to the queue: 0 out of 50
  Number of Mobile Apex push calls: 0 out of 10

20:47:45.089 (89541399)|CUMULATIVE_LIMIT_USAGE_END

20:47:45.089 (89592579)|CODE_UNIT_FINISHED|execute_anonymous_apex
20:47:45.090 (90857672)|EXECUTION_FINISHED
