34.0 APEX_CODE,FINEST;APEX_PROFILING,INFO;CALLOUT,INFO;DB,INFO;SYSTEM,DEBUG;VALIDATION,INFO;VISUALFORCE,INFO;WORKFLOW,INFO
Execute Anonymous: // Map<String, Schema.SObjectType> gd = Schema.getGlobalDescribe();
Execute Anonymous: //
Execute Anonymous: // System.debug(gd.keySet());
Execute Anonymous: //
Execute Anonymous: // for (String key : gd.keySet()) {
Execute Anonymous: //
Execute Anonymous: //     SObjectType objType = gd.get(key);
Execute Anonymous: //     String objectName = objType.getDescribe().getLabel();
Execute Anonymous: //     //System.debug('NAME: '+objectName);
Execute Anonymous: //
Execute Anonymous: //     for (Schema.SObjectField field : objType.getDescribe().fields.getMap().values()){
Execute Anonymous: //         Schema.DisplayType fieldType = field.getDescribe().getType();
Execute Anonymous: //         if (fieldType == Schema.DisplayType.Currency) {
Execute Anonymous: //             System.debug('Object Name= '+objectName+' API Field Name =  '+field.getDescribe().getName()+' ---API Field Type= '+fieldType.name());
Execute Anonymous: //         }
Execute Anonymous: //     }
Execute Anonymous: //
Execute Anonymous: // }
Execute Anonymous: 
Execute Anonymous: // String sobjectname = 'Case' ;//object api name
Execute Anonymous: // String fieldapiName = 'Status';//Field api name
Execute Anonymous: // String fieldTypeName = Schema.getGlobalDescribe().get(sobjectname).getDescribe().fields.getMap().get(fieldapiName).getDescribe().getType().name().toupperCase();
Execute Anonymous: // System.debug('***fieldTypeName**'+fieldTypeName);
Execute Anonymous: 
Execute Anonymous: LedgerBot__c currencyBot = LedgerBotFactory.getLedgerBot('Currency');
Execute Anonymous:   String lastResultString = currencyBot.Last_Result__c;
Execute Anonymous:   System.debug(lastResultString);
Execute Anonymous: 
Execute Anonymous: 
Execute Anonymous: //CurrencyBot cBot = new CurrencyBot();
00:15:55.045 (45250952)|EXECUTION_STARTED
00:15:55.045 (45262591)|CODE_UNIT_STARTED|[EXTERNAL]|execute_anonymous_apex
00:15:55.045 (45539537)|VARIABLE_SCOPE_BEGIN|[25]|currencyBot|LedgerBot__c|true|false
00:15:55.045 (45651559)|VARIABLE_SCOPE_BEGIN|[26]|lastResultString|String|false|false
00:15:55.045 (45787207)|HEAP_ALLOCATE|[72]|Bytes:3
00:15:55.045 (45869404)|HEAP_ALLOCATE|[77]|Bytes:152
00:15:55.045 (45890524)|HEAP_ALLOCATE|[342]|Bytes:408
00:15:55.045 (45913268)|HEAP_ALLOCATE|[355]|Bytes:408
00:15:55.045 (45962236)|HEAP_ALLOCATE|[467]|Bytes:48
00:15:55.046 (46000629)|HEAP_ALLOCATE|[139]|Bytes:6
00:15:55.046 (46032891)|HEAP_ALLOCATE|[EXTERNAL]|Bytes:8
00:15:55.046 (46179372)|STATEMENT_EXECUTE|[1]
00:15:55.046 (46184264)|STATEMENT_EXECUTE|[25]
00:15:55.046 (46189042)|HEAP_ALLOCATE|[25]|Bytes:8
00:15:55.046 (46260425)|HEAP_ALLOCATE|[50]|Bytes:5
00:15:55.046 (46289660)|HEAP_ALLOCATE|[56]|Bytes:5
00:15:55.046 (46300685)|HEAP_ALLOCATE|[64]|Bytes:7
00:15:55.046 (46328091)|SYSTEM_MODE_ENTER|false
00:15:55.046 (46364502)|HEAP_ALLOCATE|[25]|Bytes:5
00:15:55.047 (47692750)|HEAP_ALLOCATE|[25]|Bytes:1
00:15:55.047 (47701557)|HEAP_ALLOCATE|[25]|Bytes:14
00:15:55.047 (47744750)|METHOD_ENTRY|[1]|01p61000006Z7DT|LedgerBotFactory.LedgerBotFactory()
00:15:55.047 (47751467)|STATEMENT_EXECUTE|[1]
00:15:55.047 (47756380)|STATEMENT_EXECUTE|[1]
00:15:55.047 (47766685)|HEAP_ALLOCATE|[25]|Bytes:5
00:15:55.047 (47792403)|METHOD_EXIT|[1]|LedgerBotFactory
00:15:55.047 (47847431)|METHOD_ENTRY|[25]|01p61000006Z7DT|LedgerBotFactory.getLedgerBot(String)
00:15:55.047 (47888656)|VARIABLE_SCOPE_BEGIN|[3]|ledgerBotName|String|false|false
00:15:55.047 (47910707)|VARIABLE_ASSIGNMENT|[3]|ledgerBotName|"Currency"
00:15:55.047 (47927749)|HEAP_ALLOCATE|[6]|Bytes:5
00:15:55.047 (47932674)|STATEMENT_EXECUTE|[3]
00:15:55.047 (47935021)|STATEMENT_EXECUTE|[6]
00:15:55.047 (47939313)|HEAP_ALLOCATE|[6]|Bytes:120
00:15:55.047 (47950305)|HEAP_ALLOCATE|[6]|Bytes:4
00:15:55.047 (47974086)|HEAP_ALLOCATE|[6]|Bytes:7
00:15:55.048 (48251538)|SOQL_EXECUTE_BEGIN|[6]|Aggregations:0|SELECT Id, Name, Calculator__c, Last_Result__c, Last_Result_Time__c FROM LedgerBot__c WHERE LedgerBot__c.Name = :tmpVar1
00:15:55.055 (55683808)|SOQL_EXECUTE_END|[6]|Rows:1
00:15:55.055 (55703072)|HEAP_ALLOCATE|[6]|Bytes:8
00:15:55.055 (55714397)|HEAP_ALLOCATE|[6]|Bytes:16338
00:15:55.055 (55800562)|HEAP_ALLOCATE|[6]|Bytes:8
00:15:55.055 (55815740)|VARIABLE_SCOPE_BEGIN|[6]|existingLedgerBots|List<LedgerBot__c>|true|false
00:15:55.055 (55886800)|VARIABLE_ASSIGNMENT|[6]|existingLedgerBots|{"s":1,"v":[{"s":2,"v":{"Id":"a0I61000001BLP2EAO","Name":"Currency","Last_Result__c":"{\"LeadCleanInfo.Annu (16228 more) ...","Last_Result_Time__c":"2015-11-14T08:03:41.000Z"}}]}|0x7c495ea1
00:15:55.055 (55894635)|STATEMENT_EXECUTE|[7]
00:15:55.055 (55899859)|VARIABLE_SCOPE_BEGIN|[7]|ledgerBot|LedgerBot__c|true|false
00:15:55.055 (55908412)|VARIABLE_ASSIGNMENT|[7]|ledgerBot|null|
00:15:55.056 (56066198)|STATEMENT_EXECUTE|[32]
00:15:55.056 (56071326)|STATEMENT_EXECUTE|[33]
00:15:55.056 (56134503)|HEAP_ALLOCATE|[33]|Bytes:20
00:15:55.056 (56158532)|METHOD_EXIT|[25]|01p61000006Z7DT|LedgerBotFactory.getLedgerBot(String)
00:15:55.056 (56168365)|SYSTEM_MODE_EXIT|false
00:15:55.056 (56208169)|VARIABLE_ASSIGNMENT|[25]|currencyBot|{"s":1,"v":{"Id":"a0I61000001BLP2EAO","Name":"Currency","Last_Result__c":"{\"LeadCleanInfo.Annu (16228 more) ...","Last_Result_Time__c":"2015-11-14T08:03:41.000Z"}}|0xf4c3942
00:15:55.056 (56219394)|STATEMENT_EXECUTE|[26]
00:15:55.056 (56265346)|VARIABLE_ASSIGNMENT|[26]|lastResultString|"{\"LeadCleanInfo.Annu (16228 more) ..."
00:15:55.056 (56270559)|STATEMENT_EXECUTE|[27]
00:15:55.056 (56316231)|USER_DEBUG|[27]|DEBUG|{"LeadCleanInfo.AnnualRevenue":{},"AccountCleanInfo.AnnualRevenue":{},"Asset.Price":{},"PricebookEntry.UnitPrice":{"INSTANCES":{"01u610000013iP7AAI":{"MAX_VALUE":5000.0,"MAX_ID":"01u610000013iP7AAI"},"01u610000013iPHAAY":{"MAX_VALUE":5000.0,"MAX_ID":"01u610000013iPHAAY"},"01u610000013iP0AAI":{"MAX_VALUE":5000.0,"MAX_ID":"01u610000013iP0AAI"},"01u610000013iOqAAI":{"MAX_VALUE":5000.0,"MAX_ID":"01u610000013iOqAAI"},"01u610000013iPFAAY":{"MAX_VALUE":10000.0,"MAX_ID":"01u610000013iPFAAY"},"01u610000013iOyAAI":{"MAX_VALUE":10000.0,"MAX_ID":"01u610000013iOyAAI"},"01u610000013iPCAAY":{"MAX_VALUE":15000.0,"MAX_ID":"01u610000013iPCAAY"},"01u610000013iOvAAI":{"MAX_VALUE":15000.0,"MAX_ID":"01u610000013iOvAAI"},"01u610000013iP3AAI":{"MAX_VALUE":20000.0,"MAX_ID":"01u610000013iP3AAI"},"01u610000013iPKAAY":{"MAX_VALUE":20000.0,"MAX_ID":"01u610000013iPKAAY"},"01u610000013iP9AAI":{"MAX_VALUE":20000.0,"MAX_ID":"01u610000013iP9AAI"},"01u610000013iOsAAI":{"MAX_VALUE":20000.0,"MAX_ID":"01u610000013iOsAAI"},"01u610000013iP6AAI":{"MAX_VALUE":25000.0,"MAX_ID":"01u610000013iP6AAI"},"01u610000013iOpAAI":{"MAX_VALUE":25000.0,"MAX_ID":"01u610000013iOpAAI"},"01u610000013iPIAAY":{"MAX_VALUE":30000.0,"MAX_ID":"01u610000013iPIAAY"},"01u610000013iP1AAI":{"MAX_VALUE":30000.0,"MAX_ID":"01u610000013iP1AAI"},"01u610000013iPJAAY":{"MAX_VALUE":35000.0,"MAX_ID":"01u610000013iPJAAY"},"01u610000013iP2AAI":{"MAX_VALUE":35000.0,"MAX_ID":"01u610000013iP2AAI"},"01u610000013iPBAAY":{"MAX_VALUE":40000.0,"MAX_ID":"01u610000013iPBAAY"},"01u610000013iOuAAI":{"MAX_VALUE":40000.0,"MAX_ID":"01u610000013iOuAAI"},"01u610000013iP5AAI":{"MAX_VALUE":50000.0,"MAX_ID":"01u610000013iP5AAI"},"01u610000013iPMAAY":{"MAX_VALUE":50000.0,"MAX_ID":"01u610000013iPMAAY"},"01u610000013iPAAAY":{"MAX_VALUE":50000.0,"MAX_ID":"01u610000013iPAAAY"},"01u610000013iOtAAI":{"MAX_VALUE":50000.0,"MAX_ID":"01u610000013iOtAAI"},"01u610000013iPGAAY":{"MAX_VALUE":75000.0,"MAX_ID":"01u610000013iPGAAY"},"01u610000013iOzAAI":{"MAX_VALUE":75000.0,"MAX_ID":"01u610000013iOzAAI"},"01u610000013iP8AAI":{"MAX_VALUE":85000.0,"MAX_ID":"01u610000013iP8AAI"},"01u610000013iOrAAI":{"MAX_VALUE":85000.0,"MAX_ID":"01u610000013iOrAAI"},"01u610000013iPEAAY":{"MAX_VALUE":100000.0,"MAX_ID":"01u610000013iPEAAY"},"01u610000013iOxAAI":{"MAX_VALUE":100000.0,"MAX_ID":"01u610000013iOxAAI"},"01u610000013iPDAAY":{"MAX_VALUE":120000.0,"MAX_ID":"01u610000013iPDAAY"},"01u610000013iOwAAI":{"MAX_VALUE":120000.0,"MAX_ID":"01u610000013iOwAAI"},"01u610000013iPLAAY":{"MAX_VALUE":150000.0,"MAX_ID":"01u610000013iPLAAY"},"01u610000013iP4AAI":{"MAX_VALUE":150000.0,"MAX_ID":"01u610000013iP4AAI"}},"MAX_VALUE":150000.0,"MAX_ID":"01u610000013iP4AAI"},"OpportunityLineItem.ListPrice":{},"OpportunityLineItem.UnitPrice":{},"OpportunityLineItem.TotalPrice":{},"OpportunityLineItem.Subtotal":{},"OpportunityHistory.ExpectedRevenue":{"INSTANCES":{"0086100000DlcunAAB":{"MAX_VALUE":1500.0,"MAX_ID":"0086100000DlcunAAB"},"0086100000HU81xAAD":{"MAX_VALUE":1500.0,"MAX_ID":"0086100000HU81xAAD"},"0086100000DlcurAAB":{"MAX_VALUE":9000.0,"MAX_ID":"0086100000DlcurAAB"},"0086100000HU81sAAD":{"MAX_VALUE":9000.0,"MAX_ID":"0086100000HU81sAAD"},"0086100000DlcuxAAB":{"MAX_VALUE":10000.0,"MAX_ID":"0086100000DlcuxAAB"},"0086100000DlcvHAAR":{"MAX_VALUE":21000.0,"MAX_ID":"0086100000DlcvHAAR"},"0086100000Dlcv0AAB":{"MAX_VALUE":30000.0,"MAX_ID":"0086100000Dlcv0AAB"},"0086100000DlcuzAAB":{"MAX_VALUE":36000.0,"MAX_ID":"0086100000DlcuzAAB"},"0086100000DlcuyAAB":{"MAX_VALUE":40000.0,"MAX_ID":"0086100000DlcuyAAB"},"0086100000Dlcv2AAB":{"MAX_VALUE":50000.0,"MAX_ID":"0086100000Dlcv2AAB"},"0086100000DlcuwAAB":{"MAX_VALUE":50000.0,"MAX_ID":"0086100000DlcuwAAB"},"0086100000Dlcv3AAB":{"MAX_VALUE":60000.0,"MAX_ID":"0086100000Dlcv3AAB"},"0086100000Dlcv7AAB":{"MAX_VALUE":75000.0,"MAX_ID":"0086100000Dlcv7AAB"},"0086100000DlcuvAAB":{"MAX_VALUE":75000.0,"MAX_ID":"0086100000DlcuvAAB"},"0086100000Dlcv8AAB":{"MAX_VALUE":84000.0,"MAX_ID":"0086100000Dlcv8AAB"},"0086100000DlcuqAAB":{"MAX_VALUE":85000.0,"MAX_ID":"0086100000DlcuqAAB"},"0086100000DlcvDAAR":{"MAX_VALUE":90000.0,"MAX_ID":"0086100000DlcvDAAR"},"0086100000Dlcv9AAB":{"MAX_VALUE":90000.0,"MAX_ID":"0086100000Dlcv9AAB"},"0086100000DlcuoAAB":{"MAX_VALUE":112500.0,"MAX_ID":"0086100000DlcuoAAB"},"0086100000DlcvEAAR":{"MAX_VALUE":120000.0,"MAX_ID":"0086100000DlcvEAAR"},"0086100000DlcutAAB":{"MAX_VALUE":120000.0,"MAX_ID":"0086100000DlcutAAB"},"0086100000DlcuuAAB":{"MAX_VALUE":125000.0,"MAX_ID":"0086100000DlcuuAAB"},"0086100000DlcvGAAR":{"MAX_VALUE":135000.0,"MAX_ID":"0086100000DlcvGAAR"},"0086100000DlcusAAB":{"MAX_VALUE":202500.0,"MAX_ID":"0086100000DlcusAAB"},"0086100000DlcvFAAR":{"MAX_VALUE":210000.0,"MAX_ID":"0086100000DlcvFAAR"},"0086100000DlcupAAB":{"MAX_VALUE":220000.0,"MAX_ID":"0086100000DlcupAAB"},"0086100000DlcvBAAR":{"MAX_VALUE":235000.0,"MAX_ID":"0086100000DlcvBAAR"},"0086100000DlcvAAAR":{"MAX_VALUE":235000.0,"MAX_ID":"0086100000DlcvAAAR"},"0086100000Dlcv1AAB":{"MAX_VALUE":243000.0,"MAX_ID":"0086100000Dlcv1AAB"},"0086100000Dlcv4AAB":{"MAX_VALUE":270000.0,"MAX_ID":"0086100000Dlcv4AAB"},"0086100000Dlcv5AAB":{"MAX_VALUE":350000.0,"MAX_ID":"0086100000Dlcv5AAB"},"0086100000DlcvCAAR":{"MAX_VALUE":440000.0,"MAX_ID":"0086100000DlcvCAAR"},"0086100000Dlcv6AAB":{"MAX_VALUE":915000.0,"MAX_ID":"0086100000Dlcv6AAB"},"0086100000EjHdMAAV":{"MAX_VALUE":1000000.0,"MAX_ID":"0086100000EjHdMAAV"}},"MAX_VALUE":1000000.0,"MAX_ID":"0086100000EjHdMAAV"},"OpportunityHistory.Amount":{"INSTANCES":{"0086100000DlcurAAB":{"MAX_VALUE":15000.0,"MAX_ID":"0086100000DlcurAAB"},"0086100000DlcunAAB":{"MAX_VALUE":15000.0,"MAX_ID":"0086100000DlcunAAB"},"0086100000HU81xAAD":{"MAX_VALUE":15000.0,"MAX_ID":"0086100000HU81xAAD"},"0086100000HU81sAAD":{"MAX_VALUE":15000.0,"MAX_ID":"0086100000HU81sAAD"},"0086100000Dlcv0AAB":{"MAX_VALUE":30000.0,"MAX_ID":"0086100000Dlcv0AAB"},"0086100000DlcvHAAR":{"MAX_VALUE":35000.0,"MAX_ID":"0086100000DlcvHAAR"},"0086100000Dlcv2AAB":{"MAX_VALUE":50000.0,"MAX_ID":"0086100000Dlcv2AAB"},"0086100000DlcuwAAB":{"MAX_VALUE":50000.0,"MAX_ID":"0086100000DlcuwAAB"},"0086100000Dlcv3AAB":{"MAX_VALUE":60000.0,"MAX_ID":"0086100000Dlcv3AAB"},"0086100000DlcuzAAB":{"MAX_VALUE":60000.0,"MAX_ID":"0086100000DlcuzAAB"},"0086100000DlcuvAAB":{"MAX_VALUE":75000.0,"MAX_ID":"0086100000DlcuvAAB"},"0086100000DlcuyAAB":{"MAX_VALUE":80000.0,"MAX_ID":"0086100000DlcuyAAB"},"0086100000DlcuqAAB":{"MAX_VALUE":85000.0,"MAX_ID":"0086100000DlcuqAAB"},"0086100000DlcvDAAR":{"MAX_VALUE":90000.0,"MAX_ID":"0086100000DlcvDAAR"},"0086100000Dlcv9AAB":{"MAX_VALUE":90000.0,"MAX_ID":"0086100000Dlcv9AAB"},"0086100000Dlcv7AAB":{"MAX_VALUE":100000.0,"MAX_ID":"0086100000Dlcv7AAB"},"0086100000DlcuxAAB":{"MAX_VALUE":100000.0,"MAX_ID":"0086100000DlcuxAAB"},"0086100000Dlcv8AAB":{"MAX_VALUE":120000.0,"MAX_ID":"0086100000Dlcv8AAB"},"0086100000DlcvEAAR":{"MAX_VALUE":120000.0,"MAX_ID":"0086100000DlcvEAAR"},"0086100000DlcutAAB":{"MAX_VALUE":120000.0,"MAX_ID":"0086100000DlcutAAB"},"0086100000DlcuoAAB":{"MAX_VALUE":125000.0,"MAX_ID":"0086100000DlcuoAAB"},"0086100000DlcvFAAR":{"MAX_VALUE":210000.0,"MAX_ID":"0086100000DlcvFAAR"},"0086100000DlcupAAB":{"MAX_VALUE":220000.0,"MAX_ID":"0086100000DlcupAAB"},"0086100000DlcvBAAR":{"MAX_VALUE":235000.0,"MAX_ID":"0086100000DlcvBAAR"},"0086100000DlcvAAAR":{"MAX_VALUE":235000.0,"MAX_ID":"0086100000DlcvAAAR"},"0086100000DlcuuAAB":{"MAX_VALUE":250000.0,"MAX_ID":"0086100000DlcuuAAB"},"0086100000Dlcv1AAB":{"MAX_VALUE":270000.0,"MAX_ID":"0086100000Dlcv1AAB"},"0086100000Dlcv4AAB":{"MAX_VALUE":270000.0,"MAX_ID":"0086100000Dlcv4AAB"},"0086100000DlcusAAB":{"MAX_VALUE":270000.0,"MAX_ID":"0086100000DlcusAAB"},"0086100000Dlcv5AAB":{"MAX_VALUE":350000.0,"MAX_ID":"0086100000Dlcv5AAB"},"0086100000DlcvCAAR":{"MAX_VALUE":440000.0,"MAX_ID":"0086100000DlcvCAAR"},"0086100000DlcvGAAR":{"MAX_VALUE":675000.0,"MAX_ID":"0086100000DlcvGAAR"},"0086100000Dlcv6AAB":{"MAX_VALUE":915000.0,"MAX_ID":"0086100000Dlcv6AAB"},"0086100000EjHdMAAV":{"MAX_VALUE":2000000.0,"MAX_ID":"0086100000EjHdMAAV"}},"MAX_VALUE":2000000.0,"MAX_ID":"0086100000EjHdMAAV"},"Opportunity.ExpectedRevenue":{"INSTANCES":{"00661000005EmF4AAK":{"MAX_VALUE":1500.0,"MAX_ID":"00661000005EmF4AAK"},"00661000005EmF8AAK":{"MAX_VALUE":9000.0,"MAX_ID":"00661000005EmF8AAK"},"00661000005EmFEAA0":{"MAX_VALUE":10000.0,"MAX_ID":"00661000005EmFEAA0"},"00661000005EmFYAA0":{"MAX_VALUE":21000.0,"MAX_ID":"00661000005EmFYAA0"},"00661000005EmFHAA0":{"MAX_VALUE":30000.0,"MAX_ID":"00661000005EmFHAA0"},"00661000005EmFGAA0":{"MAX_VALUE":36000.0,"MAX_ID":"00661000005EmFGAA0"},"00661000005EmFFAA0":{"MAX_VALUE":40000.0,"MAX_ID":"00661000005EmFFAA0"},"00661000005EmFJAA0":{"MAX_VALUE":50000.0,"MAX_ID":"00661000005EmFJAA0"},"00661000005EmFDAA0":{"MAX_VALUE":50000.0,"MAX_ID":"00661000005EmFDAA0"},"00661000005EmFKAA0":{"MAX_VALUE":60000.0,"MAX_ID":"00661000005EmFKAA0"},"00661000005EmFOAA0":{"MAX_VALUE":75000.0,"MAX_ID":"00661000005EmFOAA0"},"00661000005EmFCAA0":{"MAX_VALUE":75000.0,"MAX_ID":"00661000005EmFCAA0"},"00661000005EmFPAA0":{"MAX_VALUE":84000.0,"MAX_ID":"00661000005EmFPAA0"},"00661000005EmF7AAK":{"MAX_VALUE":85000.0,"MAX_ID":"00661000005EmF7AAK"},"00661000005EmFUAA0":{"MAX_VALUE":90000.0,"MAX_ID":"00661000005EmFUAA0"},"00661000005EmFQAA0":{"MAX_VALUE":90000.0,"MAX_ID":"00661000005EmFQAA0"},"00661000005EmF5AAK":{"MAX_VALUE":112500.0,"MAX_ID":"00661000005EmF5AAK"},"00661000005EmFVAA0":{"MAX_VALUE":120000.0,"MAX_ID":"00661000005EmFVAA0"},"00661000005EmFAAA0":{"MAX_VALUE":120000.0,"MAX_ID":"00661000005EmFAAA0"},"00661000005EmFBAA0":{"MAX_VALUE":125000.0,"MAX_ID":"00661000005EmFBAA0"},"00661000005EmFXAA0":{"MAX_VALUE":135000.0,"MAX_ID":"00661000005EmFXAA0"},"00661000005EmF9AAK":{"MAX_VALUE":202500.0,"MAX_ID":"00661000005EmF9AAK"},"00661000005EmFWAA0":{"MAX_VALUE":210000.0,"MAX_ID":"00661000005EmFWAA0"},"00661000005EmF6AAK":{"MAX_VALUE":220000.0,"MAX_ID":"00661000005EmF6AAK"},"00661000005EmFSAA0":{"MAX_VALUE":235000.0,"MAX_ID":"00661000005EmFSAA0"},"00661000005EmFRAA0":{"MAX_VALUE":235000.0,"MAX_ID":"00661000005EmFRAA0"},"00661000005EmFIAA0":{"MAX_VALUE":243000.0,"MAX_ID":"00661000005EmFIAA0"},"00661000005EmFLAA0":{"MAX_VALUE":270000.0,"MAX_ID":"00661000005EmFLAA0"},"00661000005EmFMAA0":{"MAX_VALUE":350000.0,"MAX_ID":"00661000005EmFMAA0"},"00661000005EmFTAA0":{"MAX_VALUE":440000.0,"MAX_ID":"00661000005EmFTAA0"},"00661000005EmFNAA0":{"MAX_VALUE":915000.0,"MAX_ID":"00661000005EmFNAA0"},"00661000005KdJlAAK":{"MAX_VALUE":1000000.0,"MAX_ID":"00661000005KdJlAAK"}},"MAX_VALUE":1000000.0,"MAX_ID":"00661000005KdJlAAK"},"Opportunity.Amount":{"INSTANCES":{"00661000005EmF8AAK":{"MAX_VALUE":15000.0,"MAX_ID":"00661000005EmF8AAK"},"00661000005EmF4AAK":{"MAX_VALUE":15000.0,"MAX_ID":"00661000005EmF4AAK"},"00661000005EmFHAA0":{"MAX_VALUE":30000.0,"MAX_ID":"00661000005EmFHAA0"},"00661000005EmFYAA0":{"MAX_VALUE":35000.0,"MAX_ID":"00661000005EmFYAA0"},"00661000005EmFJAA0":{"MAX_VALUE":50000.0,"MAX_ID":"00661000005EmFJAA0"},"00661000005EmFDAA0":{"MAX_VALUE":50000.0,"MAX_ID":"00661000005EmFDAA0"},"00661000005EmFKAA0":{"MAX_VALUE":60000.0,"MAX_ID":"00661000005EmFKAA0"},"00661000005EmFGAA0":{"MAX_VALUE":60000.0,"MAX_ID":"00661000005EmFGAA0"},"00661000005EmFCAA0":{"MAX_VALUE":75000.0,"MAX_ID":"00661000005EmFCAA0"},"00661000005EmFFAA0":{"MAX_VALUE":80000.0,"MAX_ID":"00661000005EmFFAA0"},"00661000005EmF7AAK":{"MAX_VALUE":85000.0,"MAX_ID":"00661000005EmF7AAK"},"00661000005EmFUAA0":{"MAX_VALUE":90000.0,"MAX_ID":"00661000005EmFUAA0"},"00661000005EmFQAA0":{"MAX_VALUE":90000.0,"MAX_ID":"00661000005EmFQAA0"},"00661000005EmFOAA0":{"MAX_VALUE":100000.0,"MAX_ID":"00661000005EmFOAA0"},"00661000005EmFEAA0":{"MAX_VALUE":100000.0,"MAX_ID":"00661000005EmFEAA0"},"00661000005EmFPAA0":{"MAX_VALUE":120000.0,"MAX_ID":"00661000005EmFPAA0"},"00661000005EmFVAA0":{"MAX_VALUE":120000.0,"MAX_ID":"00661000005EmFVAA0"},"00661000005EmFAAA0":{"MAX_VALUE":120000.0,"MAX_ID":"00661000005EmFAAA0"},"00661000005EmF5AAK":{"MAX_VALUE":125000.0,"MAX_ID":"00661000005EmF5AAK"},"00661000005EmFWAA0":{"MAX_VALUE":210000.0,"MAX_ID":"00661000005EmFWAA0"},"00661000005EmF6AAK":{"MAX_VALUE":220000.0,"MAX_ID":"00661000005EmF6AAK"},"00661000005EmFSAA0":{"MAX_VALUE":235000.0,"MAX_ID":"00661000005EmFSAA0"},"00661000005EmFRAA0":{"MAX_VALUE":235000.0,"MAX_ID":"00661000005EmFRAA0"},"00661000005EmFBAA0":{"MAX_VALUE":250000.0,"MAX_ID":"00661000005EmFBAA0"},"00661000005EmFIAA0":{"MAX_VALUE":270000.0,"MAX_ID":"00661000005EmFIAA0"},"00661000005EmFLAA0":{"MAX_VALUE":270000.0,"MAX_ID":"00661000005EmFLAA0"},"00661000005EmF9AAK":{"MAX_VALUE":270000.0,"MAX_ID":"00661000005EmF9AAK"},"00661000005EmFMAA0":{"MAX_VALUE":350000.0,"MAX_ID":"00661000005EmFMAA0"},"00661000005EmFTAA0":{"MAX_VALUE":440000.0,"MAX_ID":"00661000005EmFTAA0"},"00661000005EmFXAA0":{"MAX_VALUE":675000.0,"MAX_ID":"00661000005EmFXAA0"},"00661000005EmFNAA0":{"MAX_VALUE":915000.0,"MAX_ID":"00661000005EmFNAA0"},"00661000005KdJlAAK":{"MAX_VALUE":2000000.0,"MAX_ID":"00661000005KdJlAAK"}},"MAX_VALUE":2000000.0,"MAX_ID":"00661000005KdJlAAK"},"Lead.AnnualRevenue":{"INSTANCES":{"00Q61000004PgIUEA0":{"MAX_VALUE":500000.0,"MAX_ID":"00Q61000004PgIUEA0"},"00Q61000004OuBREA0":{"MAX_VALUE":3.5E8,"MAX_ID":"00Q61000004OuBREA0"},"00Q61000004OuBAEA0":{"MAX_VALUE":9.0075E8,"MAX_ID":"00Q61000004OuBAEA0"}},"MAX_VALUE":9.0075E8,"MAX_ID":"00Q61000004OuBAEA0"},"Account.AnnualRevenue":{"INSTANCES":{"00161000007TEMkAAO":{"MAX_VALUE":3.0E7,"MAX_ID":"00161000007TEMkAAO"},"00161000007TEMdAAO":{"MAX_VALUE":5.0E7,"MAX_ID":"00161000007TEMdAAO"},"00161000007TEMaAAO":{"MAX_VALUE":1.39E8,"MAX_ID":"00161000007TEMaAAO"},"00161000007TEMbAAO":{"MAX_VALUE":3.5E8,"MAX_ID":"00161000007TEMbAAO"},"00161000007TEMeAAO":{"MAX_VALUE":5.0E8,"MAX_ID":"00161000007TEMeAAO"},"00161000007TEMgAAO":{"MAX_VALUE":9.5E8,"MAX_ID":"00161000007TEMgAAO"},"00161000007TEMcAAO":{"MAX_VALUE":9.5E8,"MAX_ID":"00161000007TEMcAAO"},"00161000007TEMfAAO":{"MAX_VALUE":5.6E9,"MAX_ID":"00161000007TEMfAAO"},"00161000007dOcvAAE":{"MAX_VALUE":9.000000000002E12,"MAX_ID":"00161000007dOcvAAE"}},"MAX_VALUE":9.000000000002E12,"MAX_ID":"00161000007dOcvAAE"},"Campaign.HierarchyActualCost":{"INSTANCES":{"701610000017w7nAAA":{"MAX_VALUE":11400.0,"MAX_ID":"701610000017w7nAAA"},"701610000017w7pAAA":{"MAX_VALUE":23500.0,"MAX_ID":"701610000017w7pAAA"}},"MAX_VALUE":23500.0,"MAX_ID":"701610000017w7pAAA"},"Campaign.HierarchyBudgetedCost":{"INSTANCES":{"701610000017w7nAAA":{"MAX_VALUE":10000.0,"MAX_ID":"701610000017w7nAAA"},"701610000017w7pAAA":{"MAX_VALUE":25000.0,"MAX_ID":"701610000017w7pAAA"},"701610000017w7qAAA":{"MAX_VALUE":50000.0,"MAX_ID":"701610000017w7qAAA"},"701610000017w7oAAA":{"MAX_VALUE":100000.0,"MAX_ID":"701610000017w7oAAA"}},"MAX_VALUE":100000.0,"MAX_ID":"701610000017w7oAAA"},"Campaign.HierarchyExpectedRevenue":{"INSTANCES":{"701610000017w7pAAA":{"MAX_VALUE":2500000.0,"MAX_ID":"701610000017w7pAAA"},"701610000017w7nAAA":{"MAX_VALUE":3000000.0,"MAX_ID":"701610000017w7nAAA"},"701610000017w7oAAA":{"MAX_VALUE":5500000.0,"MAX_ID":"701610000017w7oAAA"},"701610000017w7qAAA":{"MAX_VALUE":8500000.0,"MAX_ID":"701610000017w7qAAA"}},"MAX_VALUE":8500000.0,"MAX_ID":"701610000017w7qAAA"},"Campaign.HierarchyAmountWonOpportunities":{},"Campaign.HierarchyAmountAllOpportunities":{},"Campaign.AmountWonOpportunities":{},"Campaign.AmountAllOpportunities":{},"Campaign.ActualCost":{"INSTANCES":{"701610000017w7nAAA":{"MAX_VALUE":11400.0,"MAX_ID":"701610000017w7nAAA"},"701610000017w7pAAA":{"MAX_VALUE":23500.0,"MAX_ID":"701610000017w7pAAA"}},"MAX_VALUE":23500.0,"MAX_ID":"701610000017w7pAAA"},"Campaign.BudgetedCost":{"INSTANCES":{"701610000017w7nAAA":{"MAX_VALUE":10000.0,"MAX_ID":"701610000017w7nAAA"},"701610000017w7pAAA":{"MAX_VALUE":25000.0,"MAX_ID":"701610000017w7pAAA"},"701610000017w7qAAA":{"MAX_VALUE":50000.0,"MAX_ID":"701610000017w7qAAA"},"701610000017w7oAAA":{"MAX_VALUE":100000.0,"MAX_ID":"701610000017w7oAAA"}},"MAX_VALUE":100000.0,"MAX_ID":"701610000017w7oAAA"},"Campaign.ExpectedRevenue":{"INSTANCES":{"701610000017w7pAAA":{"MAX_VALUE":2500000.0,"MAX_ID":"701610000017w7pAAA"},"701610000017w7nAAA":{"MAX_VALUE":3000000.0,"MAX_ID":"701610000017w7nAAA"},"701610000017w7oAAA":{"MAX_VALUE":5500000.0,"MAX_ID":"701610000017w7oAAA"},"701610000017w7qAAA":{"MAX_VALUE":8500000.0,"MAX_ID":"701610000017w7qAAA"}},"MAX_VALUE":8500000.0,"MAX_ID":"701610000017w7qAAA"},"OrderItem.ListPrice":{},"OrderItem.UnitPrice":{},"Order.TotalAmount":{}}
00:15:55.056 (56466535)|CUMULATIVE_LIMIT_USAGE
00:15:55.056 (56466535)|LIMIT_USAGE_FOR_NS|(default)|
  Number of SOQL queries: 1 out of 100
  Number of query rows: 1 out of 50000
  Number of SOSL queries: 0 out of 20
  Number of DML statements: 0 out of 150
  Number of DML rows: 0 out of 10000
  Maximum CPU time: 0 out of 10000
  Maximum heap size: 0 out of 6000000
  Number of callouts: 0 out of 100
  Number of Email Invocations: 0 out of 10
  Number of future calls: 0 out of 50
  Number of queueable jobs added to the queue: 0 out of 50
  Number of Mobile Apex push calls: 0 out of 10

00:15:55.056 (56466535)|CUMULATIVE_LIMIT_USAGE_END

00:15:55.056 (56511546)|CODE_UNIT_FINISHED|execute_anonymous_apex
00:15:55.058 (58037383)|EXECUTION_FINISHED
